# JRE version: OpenJDK Runtime Environment Temurin-17.0.2+8 (17.0.2+8) (build 17.0.2+8)
# Java VM: OpenJDK 64-Bit Server VM Temurin-17.0.2+8 (17.0.2+8, mixed mode, tiered, compressed oops, compressed class ptrs, g1 gc, windows-amd64)
GC Precious Log:
 CPUs: 8 total, 8 available
 Memory: 3982M
 Large Page Support: Disabled
 NUMA Support: Disabled
 Compressed Oops: Enabled (32-bit)
 Heap Region Size: 1M
 Heap Min Capacity: 8M
 Heap Initial Capacity: 64M
 Heap Max Capacity: 996M
 Pre-touch: Disabled
 Parallel Workers: 8
 Concurrent Workers: 2
 Concurrent Refinement Workers: 8
 Periodic GC: Disabled
Heap:
 garbage-first heap   total 81920K, used 50134K [0x00000000c1c00000, 0x0000000100000000)
  region size 1024K, 1 young (1024K), 1 survivors (1024K)
 Metaspace       used 16331K, committed 16576K, reserved 1064960K
  class space    used 1922K, committed 2048K, reserved 1048576K
GC Heap History (11 events):
Event: 0.621 GC heap before
{Heap before GC invocations=0 (full 0):
 garbage-first heap   total 65536K, used 22528K [0x00000000c1c00000, 0x0000000100000000)
  region size 1024K, 23 young (23552K), 0 survivors (0K)
 Metaspace       used 12692K, committed 12928K, reserved 1064960K
  class space    used 1315K, committed 1408K, reserved 1048576K
}
Event: 0.625 GC heap after
{Heap after GC invocations=1 (full 0):
 garbage-first heap   total 65536K, used 3072K [0x00000000c1c00000, 0x0000000100000000)
  region size 1024K, 3 young (3072K), 3 survivors (3072K)
 Metaspace       used 12692K, committed 12928K, reserved 1064960K
  class space    used 1315K, committed 1408K, reserved 1048576K
}
Event: 0.899 GC heap before
{Heap before GC invocations=1 (full 0):
 garbage-first heap   total 65536K, used 30720K [0x00000000c1c00000, 0x0000000100000000)
  region size 1024K, 31 young (31744K), 3 survivors (3072K)
 Metaspace       used 16331K, committed 16576K, reserved 1064960K
  class space    used 1922K, committed 2048K, reserved 1048576K
}
Event: 0.910 GC heap after
{Heap after GC invocations=2 (full 0):
 garbage-first heap   total 65536K, used 12923K [0x00000000c1c00000, 0x0000000100000000)
  region size 1024K, 4 young (4096K), 4 survivors (4096K)
 Metaspace       used 16331K, committed 16576K, reserved 1064960K
  class space    used 1922K, committed 2048K, reserved 1048576K
}
Event: 1.000 GC heap before
{Heap before GC invocations=2 (full 0):
 garbage-first heap   total 65536K, used 37499K [0x00000000c1c00000, 0x0000000100000000)
  region size 1024K, 28 young (28672K), 4 survivors (4096K)
 Metaspace       used 16331K, committed 16576K, reserved 1064960K
  class space    used 1922K, committed 2048K, reserved 1048576K
}
Event: 1.020 GC heap after
{Heap after GC invocations=3 (full 0):
 garbage-first heap   total 65536K, used 32945K [0x00000000c1c00000, 0x0000000100000000)
  region size 1024K, 4 young (4096K), 4 survivors (4096K)
 Metaspace       used 16331K, committed 16576K, reserved 1064960K
  class space    used 1922K, committed 2048K, reserved 1048576K
}
Event: 1.055 GC heap before
{Heap before GC invocations=3 (full 0):
 garbage-first heap   total 65536K, used 42161K [0x00000000c1c00000, 0x0000000100000000)
  region size 1024K, 13 young (13312K), 4 survivors (4096K)
 Metaspace       used 16331K, committed 16576K, reserved 1064960K
  class space    used 1922K, committed 2048K, reserved 1048576K
}
Event: 1.064 GC heap after
{Heap after GC invocations=4 (full 0):
 garbage-first heap   total 65536K, used 41472K [0x00000000c1c00000, 0x0000000100000000)
  region size 1024K, 2 young (2048K), 2 survivors (2048K)
 Metaspace       used 16331K, committed 16576K, reserved 1064960K
  class space    used 1922K, committed 2048K, reserved 1048576K
}
Event: 1.093 GC heap before
{Heap before GC invocations=4 (full 0):
 garbage-first heap   total 65536K, used 45568K [0x00000000c1c00000, 0x0000000100000000)
  region size 1024K, 7 young (7168K), 2 survivors (2048K)
 Metaspace       used 16331K, committed 16576K, reserved 1064960K
  class space    used 1922K, committed 2048K, reserved 1048576K
}
Event: 1.099 GC heap after
{Heap after GC invocations=5 (full 0):
 garbage-first heap   total 65536K, used 46804K [0x00000000c1c00000, 0x0000000100000000)
  region size 1024K, 1 young (1024K), 1 survivors (1024K)
 Metaspace       used 16331K, committed 16576K, reserved 1064960K
  class space    used 1922K, committed 2048K, reserved 1048576K
}
Event: 1.123 GC heap before
{Heap before GC invocations=5 (full 0):
 garbage-first heap   total 81920K, used 49876K [0x00000000c1c00000, 0x0000000100000000)
  region size 1024K, 4 young (4096K), 1 survivors (1024K)
 Metaspace       used 16331K, committed 16576K, reserved 1064960K
  class space    used 1922K, committed 2048K, reserved 1048576K
}

